c:\users\rakat\source\repos\mrufki\mrufki\x64\debug\vc143.pdb
c:\users\rakat\source\repos\mrufki\mrufki\x64\debug\vc143.idb
c:\users\rakat\source\repos\mrufki\mrufki\x64\debug\pheromone.obj
c:\users\rakat\source\repos\mrufki\mrufki\x64\debug\entity.obj
c:\users\rakat\source\repos\mrufki\mrufki\x64\debug\source.obj
c:\users\rakat\source\repos\mrufki(tgui)\mrufki\mrufki\x64\debug\vc143.pdb
c:\users\rakat\source\repos\mrufki(tgui)\mrufki\mrufki\x64\debug\vc143.idb
c:\users\rakat\source\repos\mrufki(tgui)\mrufki\mrufki\x64\debug\pheromone.obj
c:\users\rakat\source\repos\mrufki(tgui)\mrufki\mrufki\x64\debug\entity.obj
c:\users\rakat\source\repos\mrufki(tgui)\mrufki\mrufki\x64\debug\source.obj
c:\users\rakat\source\repos\mrufki\x64\debug\mrufki.exe
c:\users\rakat\source\repos\mrufki\mrufki\x64\debug\mrufki.ilk
c:\users\rakat\source\repos\mrufki\x64\debug\mrufki.pdb
c:\users\rakat\source\repos\mrufki(tgui)\mrufki\x64\debug\mrufki.exe
c:\users\rakat\source\repos\mrufki(tgui)\mrufki\mrufki\x64\debug\mrufki.ilk
c:\users\rakat\source\repos\mrufki(tgui)\mrufki\x64\debug\mrufki.pdb
c:\users\rakat\source\repos\mrufki(tgui)\mrufki\mrufki\x64\debug\entities.obj
c:\users\rakat\source\repos\mrufki(tgui)\mrufki\mrufki\x64\debug\source.obj.enc
c:\users\rakat\source\repos\mrufki(tgui)\mrufki\mrufki\x64\debug\mrufki.tlog\cl.command.1.tlog
c:\users\rakat\source\repos\mrufki(tgui)\mrufki\mrufki\x64\debug\mrufki.tlog\cl.read.1.tlog
c:\users\rakat\source\repos\mrufki(tgui)\mrufki\mrufki\x64\debug\mrufki.tlog\cl.write.1.tlog
c:\users\rakat\source\repos\mrufki(tgui)\mrufki\mrufki\x64\debug\mrufki.tlog\link.command.1.tlog
c:\users\rakat\source\repos\mrufki(tgui)\mrufki\mrufki\x64\debug\mrufki.tlog\link.read.1.tlog
c:\users\rakat\source\repos\mrufki(tgui)\mrufki\mrufki\x64\debug\mrufki.tlog\link.write.1.tlog
